2025-04-06 01:01:37 [INFO] Embedding cache loaded successfully.
2025-04-06 01:01:37 [INFO] Starting tag enrichment process...
2025-04-06 01:01:37 [INFO] Loaded 713 tag IDs and 695 tag descriptions.
2025-04-06 01:01:39 [INFO] Processed tag: entertainment (Similarity: 0.7548)
2025-04-06 01:01:39 [INFO] Processed tag: novels (Similarity: 0.0000)
2025-04-06 01:01:39 [INFO] Processed tag: news (Similarity: 0.0000)
2025-04-06 01:01:39 [INFO] Processed tag: social media (Similarity: 0.0000)
2025-04-06 01:01:40 [INFO] Processed tag: learning (Similarity: 0.0000)
2025-04-06 01:01:40 [INFO] Processed tag: education (Similarity: 0.7573)
2025-04-06 01:01:41 [INFO] Processed tag: science (Similarity: 0.7851)
2025-04-06 01:01:41 [INFO] Processed tag: media (Similarity: 0.0000)
2025-04-06 01:01:41 [INFO] Processed tag: wiki (Similarity: 0.0000)
2025-04-06 01:01:41 [INFO] Processed tag: information (Similarity: 0.0000)
2025-04-06 01:01:41 [INFO] Processed tag: math (Similarity: 0.0000)
2025-04-06 01:01:42 [INFO] Processed tag: history (Similarity: 0.0000)
2025-04-06 01:01:42 [INFO] Processed tag: technology (Similarity: 0.0000)
2025-04-06 01:01:42 [INFO] Processed tag: innovation (Similarity: 0.0000)
2025-04-06 01:01:43 [INFO] Processed tag: health (Similarity: 0.0000)
2025-04-06 01:01:43 [INFO] Processed tag: wellness (Similarity: 0.0000)
2025-04-06 01:01:43 [INFO] Processed tag: sports (Similarity: 0.7845)
2025-04-06 01:01:43 [INFO] Processed tag: politics (Similarity: 0.7755)
2025-04-06 01:01:43 [INFO] Processed tag: government (Similarity: 0.0000)
2025-04-06 01:01:43 [INFO] Processed tag: business (Similarity: 0.7241)
2025-04-06 01:01:43 [INFO] Processed tag: finance (Similarity: 0.0000)
2025-04-06 01:01:44 [INFO] Processed tag: music (Similarity: 0.0000)
2025-04-06 01:01:44 [INFO] Processed tag: travel (Similarity: 0.7433)
2025-04-06 01:01:44 [INFO] Processed tag: lifestyle (Similarity: 0.7348)
2025-04-06 01:01:44 [INFO] Processed tag: art (Similarity: 0.0000)
2025-04-06 01:01:44 [INFO] Processed tag: culture (Similarity: 0.0000)
2025-04-06 01:01:44 [INFO] Processed tag: food (Similarity: 0.0000)
2025-04-06 01:01:44 [INFO] Processed tag: environment (Similarity: 0.7475)
2025-04-06 01:01:44 [INFO] Processed tag: sustainability (Similarity: 0.0000)
2025-04-06 01:01:45 [INFO] Processed tag: psychology (Similarity: 0.0000)
2025-04-06 01:01:45 [INFO] Processed tag: philosophy (Similarity: 0.0000)
2025-04-06 01:01:45 [INFO] Processed tag: literature (Similarity: 0.0000)
2025-04-06 01:01:45 [INFO] Processed tag: gaming (Similarity: 0.0000)
2025-04-06 01:01:46 [INFO] Processed tag: comedy (Similarity: 0.0000)
2025-04-06 01:01:46 [INFO] Processed tag: fashion (Similarity: 0.0000)
2025-04-06 01:01:47 [INFO] Processed tag: design (Similarity: 0.7128)
2025-04-06 01:01:47 [INFO] Processed tag: mathematics (Similarity: 0.0000)
2025-04-06 01:01:47 [INFO] Processed tag: literacy (Similarity: 0.0000)
2025-04-06 01:01:47 [INFO] Processed tag: astronomy (Similarity: 0.0000)
2025-04-06 01:01:47 [INFO] Processed tag: climate (Similarity: 0.0000)
2025-04-06 01:01:47 [INFO] Processed tag: architecture (Similarity: 0.0000)
2025-04-06 01:01:47 [INFO] Processed tag: gadgets (Similarity: 0.0000)
2025-04-06 01:01:47 [INFO] Processed tag: software (Similarity: 0.0000)
2025-04-06 01:01:47 [INFO] Processed tag: style (Similarity: 0.0000)
2025-04-06 01:01:48 [INFO] Processed tag: fitness (Similarity: 0.0000)
2025-04-06 01:01:48 [INFO] Processed tag: recipes (Similarity: 0.0000)
2025-04-06 01:01:48 [INFO] Processed tag: cooking (Similarity: 0.7629)
2025-04-06 01:01:48 [INFO] Processed tag: destinations (Similarity: 0.0000)
2025-04-06 01:01:49 [INFO] Processed tag: adventures (Similarity: 0.0000)
2025-04-06 01:01:50 [INFO] Processed tag: events (Similarity: 0.0000)
2025-04-06 01:01:50 [INFO] Processed tag: entrepreneurship (Similarity: 0.0000)
2025-04-06 01:01:50 [INFO] Processed tag: courses (Similarity: 0.0000)
2025-04-06 01:01:50 [INFO] Processed tag: esports (Similarity: 0.8189)
2025-04-06 01:01:50 [INFO] Processed tag: reviews (Similarity: 0.0000)
2025-04-06 01:01:51 [INFO] Processed tag: manga (Similarity: 0.0000)
2025-04-06 01:01:51 [INFO] Processed tag: comics (Similarity: 0.0000)
2025-04-06 01:01:51 [INFO] Processed tag: albums (Similarity: 0.0000)
2025-04-06 01:01:51 [INFO] Processed tag: concerts (Similarity: 0.0000)
2025-04-06 01:01:51 [INFO] Processed tag: movies (Similarity: 0.7550)
2025-04-06 01:01:51 [INFO] Processed tag: films (Similarity: 0.0000)
2025-04-06 01:01:52 [INFO] Processed tag: photography (Similarity: 0.7735)
2025-04-06 01:01:52 [INFO] Processed tag: diy (Similarity: 0.0000)
2025-04-06 01:01:53 [INFO] Processed tag: crafts (Similarity: 0.0000)
2025-04-06 01:01:53 [INFO] Processed tag: home improvement (Similarity: 0.8226)
2025-04-06 01:01:53 [INFO] Processed tag: pets (Similarity: 0.7482)
2025-04-06 01:01:53 [INFO] Processed tag: animals (Similarity: 0.0000)
2025-04-06 01:01:54 [INFO] Processed tag: care (Similarity: 0.0000)
2025-04-06 01:01:54 [INFO] Processed tag: parenting (Similarity: 0.7793)
2025-04-06 01:01:54 [INFO] Processed tag: family (Similarity: 0.0000)
2025-04-06 01:01:55 [INFO] Processed tag: kids (Similarity: 0.0000)
2025-04-06 01:01:55 [INFO] Processed tag: current affairs (Similarity: 0.0000)
2025-04-06 01:01:55 [INFO] Processed tag: research (Similarity: 0.0000)
2025-04-06 01:01:55 [INFO] Processed tag: discoveries (Similarity: 0.0000)
2025-04-06 01:01:55 [INFO] Processed tag: heritage (Similarity: 0.0000)
2025-04-06 01:01:56 [INFO] Processed tag: investing (Similarity: 0.0000)
2025-04-06 01:01:56 [INFO] Processed tag: cryptocurrency (Similarity: 0.0000)
2025-04-06 01:01:57 [INFO] Processed tag: automotive (Similarity: 0.8162)
2025-04-06 01:01:57 [INFO] Processed tag: cars (Similarity: 0.0000)
2025-04-06 01:01:57 [INFO] Processed tag: motorcycles (Similarity: 0.8062)
2025-04-06 01:01:58 [INFO] Processed tag: real estate (Similarity: 0.7608)
2025-04-06 01:01:58 [INFO] Processed tag: property (Similarity: 0.0000)
2025-04-06 01:01:59 [INFO] Processed tag: housing (Similarity: 0.0000)
2025-04-06 01:01:59 [INFO] Processed tag: nature (Similarity: 0.0000)
2025-04-06 01:01:59 [INFO] Processed tag: mental health (Similarity: 0.7830)
2025-04-06 01:02:00 [INFO] Processed tag: self-help (Similarity: 0.0000)
2025-04-06 01:02:00 [INFO] Processed tag: startups (Similarity: 0.7670)
2025-04-06 01:02:00 [INFO] Processed tag: poetry (Similarity: 0.7733)
2025-04-06 01:02:00 [INFO] Processed tag: writing (Similarity: 0.0000)
2025-04-06 01:02:00 [INFO] Processed tag: marketing (Similarity: 0.0000)
2025-04-06 01:02:00 [INFO] Processed tag: influencers (Similarity: 0.0000)
2025-04-06 01:02:00 [INFO] Processed tag: gambling (Similarity: 0.0000)
2025-04-06 01:02:00 [INFO] Processed tag: casinos (Similarity: 0.0000)
2025-04-06 01:02:00 [INFO] Processed tag: betting (Similarity: 0.0000)
2025-04-06 01:02:01 [INFO] Processed tag: space (Similarity: 0.0000)
2025-04-06 01:02:01 [INFO] Processed tag: astrophysics (Similarity: 0.0000)
2025-04-06 01:02:01 [INFO] Processed tag: nutrition (Similarity: 0.7525)
2025-04-06 01:02:01 [INFO] Processed tag: exercise (Similarity: 0.0000)
2025-04-06 01:02:01 [INFO] Processed tag: shopping (Similarity: 0.7631)
2025-04-06 01:02:01 [INFO] Processed tag: sales (Similarity: 0.7269)
2025-04-06 01:02:02 [INFO] Processed tag: deals (Similarity: 0.0000)
2025-04-06 01:02:02 [INFO] Processed tag: luxury (Similarity: 0.0000)
2025-04-06 01:02:03 [INFO] Processed tag: high-end (Similarity: 0.0000)
2025-04-06 01:02:03 [INFO] Processed tag: blockchain (Similarity: 0.0000)
2025-04-06 01:02:03 [INFO] Processed tag: nfts (Similarity: 0.0000)
2025-04-06 01:02:03 [INFO] Processed tag: vacation (Similarity: 0.0000)
2025-04-06 01:02:03 [INFO] Processed tag: holidays (Similarity: 0.0000)
2025-04-06 01:02:04 [INFO] Processed tag: getaways (Similarity: 0.0000)
2025-04-06 01:02:04 [INFO] Processed tag: interior (Similarity: 0.0000)
2025-04-06 01:02:04 [INFO] Processed tag: weddings (Similarity: 0.0000)
2025-04-06 01:02:05 [INFO] Processed tag: marriage (Similarity: 0.0000)
2025-04-06 01:02:06 [INFO] Processed tag: humor (Similarity: 0.0000)
2025-04-06 01:02:06 [INFO] Processed tag: funny (Similarity: 0.0000)
2025-04-06 01:02:06 [INFO] Processed tag: banks (Similarity: 0.0000)
2025-04-06 01:02:06 [INFO] Processed tag: insurance (Similarity: 0.7691)
2025-04-06 01:02:07 [INFO] Processed tag: universities (Similarity: 0.0000)
2025-04-06 01:02:07 [INFO] Processed tag: online learning (Similarity: 0.7679)
2025-04-06 01:02:07 [INFO] Processed tag: public services (Similarity: 0.0000)
2025-04-06 01:02:07 [INFO] Processed tag: legal (Similarity: 0.6718)
2025-04-06 01:02:08 [INFO] Processed tag: judiciary (Similarity: 0.0000)
2025-04-06 01:02:08 [INFO] Processed tag: healthcare (Similarity: 0.7461)
2025-04-06 01:02:08 [INFO] Processed tag: hospitals (Similarity: 0.0000)
2025-04-06 01:02:08 [INFO] Processed tag: telecommunications (Similarity: 0.7713)
2025-04-06 01:02:08 [INFO] Processed tag: anime (Similarity: 0.0000)
2025-04-06 01:02:10 [INFO] Processed tag: nonprofits (Similarity: 0.0000)
2025-04-06 01:02:10 [INFO] Processed tag: ngos (Similarity: 0.0000)
2025-04-06 01:02:10 [INFO] Processed tag: ecommerce (Similarity: 0.0000)
2025-04-06 01:02:10 [INFO] Processed tag: online store (Similarity: 0.0000)
2025-04-06 01:02:10 [INFO] Processed tag: corporate (Similarity: 0.0000)
2025-04-06 01:02:10 [INFO] Processed tag: blog (Similarity: 0.0000)
2025-04-06 01:02:11 [INFO] Processed tag: personal blog (Similarity: 0.0000)
2025-04-06 01:02:11 [INFO] Processed tag: portfolio (Similarity: 0.0000)
2025-04-06 01:02:11 [INFO] Processed tag: creative work (Similarity: 0.0000)
2025-04-06 01:02:11 [INFO] Processed tag: event (Similarity: 0.0000)
2025-04-06 01:02:11 [INFO] Processed tag: event promotion (Similarity: 0.0000)
2025-04-06 01:02:12 [INFO] Processed tag: personal (Similarity: 0.0000)
2025-04-06 01:02:12 [INFO] Processed tag: resume (Similarity: 0.0000)
2025-04-06 01:02:12 [INFO] Processed tag: membership (Similarity: 0.0000)
2025-04-06 01:02:13 [INFO] Processed tag: community (Similarity: 0.0000)
2025-04-06 01:02:13 [INFO] Processed tag: nonprofit (Similarity: 0.0000)
2025-04-06 01:02:13 [INFO] Processed tag: charity (Similarity: 0.0000)
2025-04-06 01:02:13 [INFO] Processed tag: informational (Similarity: 0.0000)
2025-04-06 01:02:13 [INFO] Processed tag: forum (Similarity: 0.0000)
2025-04-06 01:02:14 [INFO] Processed tag: discussion (Similarity: 0.0000)
2025-04-06 01:02:14 [INFO] Processed tag: social network (Similarity: 0.0000)
2025-04-06 01:02:14 [INFO] Processed tag: startup (Similarity: 0.0000)
2025-04-06 01:02:14 [INFO] Processed tag: entrepreneur (Similarity: 0.0000)
2025-04-06 01:02:14 [INFO] Processed tag: consulting (Similarity: 0.0000)
2025-04-06 01:02:15 [INFO] Processed tag: professional services (Similarity: 0.0000)
2025-04-06 01:02:17 [INFO] Processed tag: booking (Similarity: 0.0000)
2025-04-06 01:02:17 [INFO] Processed tag: appointments (Similarity: 0.0000)
2025-04-06 01:02:17 [INFO] Processed tag: petition (Similarity: 0.0000)
2025-04-06 01:02:19 [INFO] Processed tag: activism (Similarity: 0.0000)
2025-04-06 01:02:19 [INFO] Processed tag: school (Similarity: 0.0000)
2025-04-06 01:02:19 [INFO] Processed tag: hobby (Similarity: 0.0000)
2025-04-06 01:02:20 [INFO] Processed tag: interest (Similarity: 0.0000)
2025-04-06 01:02:20 [INFO] Processed tag: interactive (Similarity: 0.0000)
2025-04-06 01:02:20 [INFO] Processed tag: engagement (Similarity: 0.0000)
2025-04-06 01:02:20 [INFO] Processed tag: wedding (Similarity: 0.0000)
2025-04-06 01:02:21 [INFO] Processed tag: event planning (Similarity: 0.0000)
2025-04-06 01:02:21 [INFO] Processed tag: tourism (Similarity: 0.0000)
2025-04-06 01:02:21 [INFO] Processed tag: directory (Similarity: 0.0000)
2025-04-06 01:02:21 [INFO] Processed tag: listing (Similarity: 0.0000)
2025-04-06 01:02:21 [INFO] Processed tag: landing page (Similarity: 0.0000)
2025-04-06 01:02:22 [INFO] Processed tag: magazine (Similarity: 0.0000)
2025-04-06 01:02:22 [INFO] Processed tag: memorial (Similarity: 0.0000)
2025-04-06 01:02:22 [INFO] Processed tag: tribute (Similarity: 0.0000)
2025-04-06 01:02:22 [INFO] Processed tag: subscription (Similarity: 0.0000)
2025-04-06 01:02:22 [INFO] Processed tag: content service (Similarity: 0.0000)
2025-04-06 01:02:22 [INFO] Processed tag: kid-friendly (Similarity: 0.0000)
2025-04-06 01:02:23 [INFO] Processed tag: children (Similarity: 0.0000)
2025-04-06 01:02:23 [INFO] Processed tag: novels and literature (Similarity: 0.0000)
2025-04-06 01:02:23 [INFO] Processed tag: movies and tv shows (Similarity: 0.0000)
2025-04-06 01:02:23 [INFO] Processed tag: music and audio (Similarity: 0.8199)
2025-04-06 01:02:23 [INFO] Processed tag: arts and culture (Similarity: 0.0000)
2025-04-06 01:02:23 [INFO] Processed tag: investment & trading (Similarity: 0.0000)
2025-04-06 01:02:23 [INFO] Processed tag: e-commerce & retail (Similarity: 0.0000)
2025-04-06 01:02:24 [INFO] Processed tag: business services (Similarity: 0.0000)
2025-04-06 01:02:24 [INFO] Processed tag: universities & colleges (Similarity: 0.0000)
2025-04-06 01:02:24 [INFO] Processed tag: k-12 & schools (Similarity: 0.0000)
2025-04-06 01:02:25 [INFO] Processed tag: online learning & moocs (Similarity: 0.0000)
2025-04-06 01:02:25 [INFO] Processed tag: professional development (Similarity: 0.0000)
2025-04-06 01:02:26 [INFO] Processed tag: educational resources (Similarity: 0.0000)
2025-04-06 01:02:26 [INFO] Processed tag: federal, state, & local (Similarity: 0.0000)
2025-04-06 01:02:26 [INFO] Processed tag: public safety & law enforcement (Similarity: 0.0000)
2025-04-06 01:02:26 [INFO] Processed tag: judiciary & legal (Similarity: 0.0000)
2025-04-06 01:02:26 [INFO] Processed tag: public utilities & infrastructure (Similarity: 0.0000)
2025-04-06 01:02:27 [INFO] Processed tag: civic engagement (Similarity: 0.0000)
2025-04-06 01:02:27 [INFO] Processed tag: hospitals & clinics (Similarity: 0.0000)
2025-04-06 01:02:27 [INFO] Processed tag: health information & wellness (Similarity: 0.0000)
2025-04-06 01:02:27 [INFO] Processed tag: pharmaceutical & drug information (Similarity: 0.0000)
2025-04-06 01:02:27 [INFO] Processed tag: fitness & lifestyle (Similarity: 0.0000)
2025-04-06 01:02:27 [INFO] Processed tag: mental health & counseling (Similarity: 0.0000)
2025-04-06 01:02:29 [INFO] Processed tag: tech companies & startups (Similarity: 0.0000)
2025-04-06 01:02:29 [INFO] Processed tag: research & development (Similarity: 0.0000)
2025-04-06 01:02:29 [INFO] Processed tag: gadgets & reviews (Similarity: 0.0000)
2025-04-06 01:02:29 [INFO] Processed tag: software & applications (Similarity: 0.0000)
2025-04-06 01:02:29 [INFO] Processed tag: scientific organizations (Similarity: 0.0000)
2025-04-06 01:02:30 [INFO] Processed tag: general news portals (Similarity: 0.0000)
2025-04-06 01:02:30 [INFO] Processed tag: local & community news (Similarity: 0.0000)
2025-04-06 01:02:30 [INFO] Processed tag: specialized magazines & blogs (Similarity: 0.0000)
2025-04-06 01:02:30 [INFO] Processed tag: journalism & opinion (Similarity: 0.0000)
2025-04-06 01:02:31 [INFO] Processed tag: entertainment news (Similarity: 0.0000)
2025-04-06 01:02:31 [INFO] Processed tag: social (Similarity: 0.0000)
2025-04-06 01:02:32 [INFO] Processed tag: social networking (Similarity: 0.7883)
2025-04-06 01:02:32 [INFO] Processed tag: online forums & discussion boards (Similarity: 0.0000)
2025-04-06 01:02:32 [INFO] Processed tag: nonprofits & ngos (Similarity: 0.0000)
2025-04-06 01:02:32 [INFO] Processed tag: cultural & community events (Similarity: 0.0000)
2025-04-06 01:02:32 [INFO] Processed tag: travel & tourism (Similarity: 0.0000)
2025-04-06 01:02:32 [INFO] Processed tag: food & dining (Similarity: 0.0000)
2025-04-06 01:02:33 [INFO] Processed tag: fashion & beauty (Similarity: 0.0000)
2025-04-06 01:02:33 [INFO] Processed tag: home & garden (Similarity: 0.7774)
2025-04-06 01:02:33 [INFO] Processed tag: personal finance & lifestyle management (Similarity: 0.0000)
2025-04-06 01:02:33 [INFO] Processed tag: professional leagues & teams (Similarity: 0.0000)
2025-04-06 01:02:33 [INFO] Processed tag: sports news & analysis (Similarity: 0.0000)
2025-04-06 01:02:33 [INFO] Processed tag: fan communities & forums (Similarity: 0.0000)
2025-04-06 01:02:33 [INFO] Processed tag: fitness & outdoor sports (Similarity: 0.0000)
2025-04-06 01:02:33 [INFO] Processed tag: law firms & legal services (Similarity: 0.0000)
2025-04-06 01:02:33 [INFO] Processed tag: legal information & resources (Similarity: 0.0000)
2025-04-06 01:02:33 [INFO] Processed tag: regulatory & compliance (Similarity: 0.0000)
2025-04-06 01:02:34 [INFO] Processed tag: hobbies (Similarity: 0.0000)
2025-04-06 01:02:34 [INFO] Processed tag: arts & crafts (Similarity: 0.0000)
2025-04-06 01:02:34 [INFO] Processed tag: photography & videography (Similarity: 0.0000)
2025-04-06 01:02:34 [INFO] Processed tag: gaming (hobbyist) (Similarity: 0.0000)
2025-04-06 01:02:36 [INFO] Processed tag: uncategorized (Similarity: 0.8297)
2025-04-06 01:02:36 [INFO] Processed tag: car culture (Similarity: 0.8641)
2025-04-06 01:02:37 [INFO] Processed tag: road-side assistance (Similarity: 0.8723)
2025-04-06 01:02:37 [INFO] Processed tag: scooters (Similarity: 0.7983)
2025-04-06 01:02:37 [INFO] Processed tag: auto buying and selling (Similarity: 0.8667)
2025-04-06 01:02:37 [INFO] Processed tag: auto insurance (Similarity: 0.8068)
2025-04-06 01:02:37 [INFO] Processed tag: auto parts (Similarity: 0.8104)
2025-04-06 01:02:37 [INFO] Processed tag: auto recalls (Similarity: 0.8419)
2025-04-06 01:02:37 [INFO] Processed tag: auto repair (Similarity: 0.8117)
2025-04-06 01:02:37 [INFO] Processed tag: auto safety (Similarity: 0.7927)
2025-04-06 01:02:37 [INFO] Processed tag: auto shows (Similarity: 0.8386)
2025-04-06 01:02:38 [INFO] Processed tag: auto infotainment technologies (Similarity: 0.8711)
2025-04-06 01:02:38 [INFO] Processed tag: auto navigation systems (Similarity: 0.8062)
2025-04-06 01:02:38 [INFO] Processed tag: auto safety technologies (Similarity: 0.8830)
2025-04-06 01:02:38 [INFO] Processed tag: auto rentals (Similarity: 0.8134)
2025-04-06 01:02:38 [INFO] Processed tag: books and literature (Similarity: 0.8542)
2025-04-06 01:02:38 [INFO] Processed tag: art and photography books (Similarity: 0.8875)
2025-04-06 01:02:38 [INFO] Processed tag: biographies (Similarity: 0.7982)
2025-04-06 01:02:39 [INFO] Processed tag: children's literature (Similarity: 0.8488)
2025-04-06 01:02:39 [INFO] Processed tag: comics and graphic novels (Similarity: 0.8360)
2025-04-06 01:02:39 [INFO] Processed tag: cookbooks (Similarity: 0.8300)
2025-04-06 01:02:39 [INFO] Processed tag: fiction (Similarity: 0.7664)
2025-04-06 01:02:39 [INFO] Processed tag: travel books (Similarity: 0.8240)
2025-04-06 01:02:39 [INFO] Processed tag: young adult literature (Similarity: 0.8607)
2025-04-06 01:02:40 [INFO] Processed tag: business and finance (Similarity: 0.8360)
2025-04-06 01:02:40 [INFO] Processed tag: business accounting & finance (Similarity: 0.8597)
2025-04-06 01:02:40 [INFO] Processed tag: human resources (Similarity: 0.7620)
2025-04-06 01:02:40 [INFO] Processed tag: logistics (Similarity: 0.8046)
2025-04-06 01:02:40 [INFO] Processed tag: marketing and advertising (Similarity: 0.8590)
2025-04-06 01:02:40 [INFO] Processed tag: small and medium-sized business (Similarity: 0.8542)
2025-04-06 01:02:40 [INFO] Processed tag: business administration (Similarity: 0.8191)
2025-04-06 01:02:41 [INFO] Processed tag: business banking & finance (Similarity: 0.8367)
2025-04-06 01:02:41 [INFO] Processed tag: business i.t. (Similarity: 0.8351)
2025-04-06 01:02:41 [INFO] Processed tag: business operations (Similarity: 0.8097)
2025-04-06 01:02:41 [INFO] Processed tag: consumer issues (Similarity: 0.8793)
2025-04-06 01:02:41 [INFO] Processed tag: executive leadership & management (Similarity: 0.8590)
2025-04-06 01:02:41 [INFO] Processed tag: green solutions (Similarity: 0.8338)
2025-04-06 01:02:41 [INFO] Processed tag: business utilities (Similarity: 0.8674)
2025-04-06 01:02:41 [INFO] Processed tag: economy (Similarity: 0.7452)
2025-04-06 01:02:42 [INFO] Processed tag: advertising industry (Similarity: 0.8354)
2025-04-06 01:02:42 [INFO] Processed tag: education industry (Similarity: 0.8244)
2025-04-06 01:02:42 [INFO] Processed tag: entertainment industry (Similarity: 0.8532)
2025-04-06 01:02:42 [INFO] Processed tag: environmental services industry (Similarity: 0.8704)
2025-04-06 01:02:43 [INFO] Processed tag: financial industry (Similarity: 0.8217)
2025-04-06 01:02:44 [INFO] Processed tag: food industry (Similarity: 0.8202)
2025-04-06 01:02:44 [INFO] Processed tag: healthcare industry (Similarity: 0.8373)
2025-04-06 01:02:45 [INFO] Processed tag: hospitality industry (Similarity: 0.8540)
2025-04-06 01:02:45 [INFO] Processed tag: information services industry (Similarity: 0.8463)
2025-04-06 01:02:45 [INFO] Processed tag: legal services industry (Similarity: 0.8578)
2025-04-06 01:02:45 [INFO] Processed tag: logistics and transportation industry (Similarity: 0.8723)
2025-04-06 01:02:46 [INFO] Processed tag: agriculture (Similarity: 0.8348)
2025-04-06 01:02:46 [INFO] Processed tag: management consulting industry (Similarity: 0.8203)
2025-04-06 01:02:46 [INFO] Processed tag: manufacturing industry (Similarity: 0.8331)
2025-04-06 01:02:46 [INFO] Processed tag: mechanical and industrial engineering industry (Similarity: 0.8764)
2025-04-06 01:02:47 [INFO] Processed tag: media industry (Similarity: 0.8345)
2025-04-06 01:02:48 [INFO] Processed tag: metals industry (Similarity: 0.8631)
2025-04-06 01:02:48 [INFO] Processed tag: non-profit organizations (Similarity: 0.8388)
2025-04-06 01:02:48 [INFO] Processed tag: pharmaceutical industry (Similarity: 0.8335)
2025-04-06 01:02:48 [INFO] Processed tag: power and energy industry (Similarity: 0.8531)
2025-04-06 01:02:48 [INFO] Processed tag: publishing industry (Similarity: 0.8246)
2025-04-06 01:02:48 [INFO] Processed tag: real estate industry (Similarity: 0.8254)
2025-04-06 01:02:48 [INFO] Processed tag: apparel industry (Similarity: 0.8419)
2025-04-06 01:02:49 [INFO] Processed tag: retail industry (Similarity: 0.8354)
2025-04-06 01:02:49 [INFO] Processed tag: technology industry (Similarity: 0.8302)
2025-04-06 01:02:49 [INFO] Processed tag: telecommunications industry (Similarity: 0.8413)
2025-04-06 01:02:49 [INFO] Processed tag: automotive industry (Similarity: 0.8796)
2025-04-06 01:02:50 [INFO] Processed tag: aviation industry (Similarity: 0.8348)
2025-04-06 01:02:50 [INFO] Processed tag: biotech and biomedical industry (Similarity: 0.8382)
2025-04-06 01:02:51 [INFO] Processed tag: civil engineering industry (Similarity: 0.8405)
2025-04-06 01:02:51 [INFO] Processed tag: construction industry (Similarity: 0.7872)
2025-04-06 01:02:51 [INFO] Processed tag: defense industry (Similarity: 0.8399)
2025-04-06 01:02:51 [INFO] Processed tag: careers (Similarity: 0.7724)
2025-04-06 01:02:51 [INFO] Processed tag: apprenticeships (Similarity: 0.7850)
2025-04-06 01:02:51 [INFO] Processed tag: career advice (Similarity: 0.8164)
2025-04-06 01:02:51 [INFO] Processed tag: career planning (Similarity: 0.8441)
2025-04-06 01:02:52 [INFO] Processed tag: job search (Similarity: 0.8382)
2025-04-06 01:02:52 [INFO] Processed tag: remote working (Similarity: 0.6839)
2025-04-06 01:02:53 [INFO] Processed tag: vocational training (Similarity: 0.8039)
2025-04-06 01:02:53 [INFO] Processed tag: adult education (Similarity: 0.7860)
2025-04-06 01:02:54 [INFO] Processed tag: private school (Similarity: 0.7757)
2025-04-06 01:02:54 [INFO] Processed tag: secondary education (Similarity: 0.8186)
2025-04-06 01:02:54 [INFO] Processed tag: special education (Similarity: 0.8194)
2025-04-06 01:02:55 [INFO] Processed tag: college education (Similarity: 0.7680)
2025-04-06 01:02:55 [INFO] Processed tag: postgraduate education (Similarity: 0.8506)
2025-04-06 01:02:55 [INFO] Processed tag: early childhood education (Similarity: 0.8404)
2025-04-06 01:02:55 [INFO] Processed tag: educational assessment (Similarity: 0.8715)
2025-04-06 01:02:55 [INFO] Processed tag: homeschooling (Similarity: 0.8111)
2025-04-06 01:02:56 [INFO] Processed tag: homework and study (Similarity: 0.8396)
2025-04-06 01:02:56 [INFO] Processed tag: language learning (Similarity: 0.8150)
2025-04-06 01:02:56 [INFO] Processed tag: online education (Similarity: 0.8299)
2025-04-06 01:02:57 [INFO] Processed tag: primary education (Similarity: 0.8499)
2025-04-06 01:02:58 [INFO] Processed tag: events and attractions (Similarity: 0.8547)
2025-04-06 01:02:58 [INFO] Processed tag: amusement and theme parks (Similarity: 0.8782)
2025-04-06 01:02:59 [INFO] Processed tag: fashion events (Similarity: 0.8775)
2025-04-06 01:02:59 [INFO] Processed tag: historic site and landmark tours (Similarity: 0.8992)
2025-04-06 01:02:59 [INFO] Processed tag: malls & shopping centers (Similarity: 0.8159)
2025-04-06 01:02:59 [INFO] Processed tag: museums & galleries (Similarity: 0.8600)
2025-04-06 01:02:59 [INFO] Processed tag: musicals (Similarity: 0.7840)
2025-04-06 01:03:00 [INFO] Processed tag: national & civic holidays (Similarity: 0.8609)
2025-04-06 01:03:00 [INFO] Processed tag: nightclubs (Similarity: 0.8133)
2025-04-06 01:03:00 [INFO] Processed tag: outdoor activities (Similarity: 0.8249)
2025-04-06 01:03:01 [INFO] Processed tag: parks & nature (Similarity: 0.8437)
2025-04-06 01:03:01 [INFO] Processed tag: party supplies and decorations (Similarity: 0.8512)
2025-04-06 01:03:01 [INFO] Processed tag: awards shows (Similarity: 0.8067)
2025-04-06 01:03:01 [INFO] Processed tag: personal celebrations & life events (Similarity: 0.8642)
2025-04-06 01:03:02 [INFO] Processed tag: political event (Similarity: 0.8363)
2025-04-06 01:03:02 [INFO] Processed tag: religious events (Similarity: 0.8827)
2025-04-06 01:03:02 [INFO] Processed tag: sporting events (Similarity: 0.8546)
2025-04-06 01:03:02 [INFO] Processed tag: theater venues and events (Similarity: 0.8730)
2025-04-06 01:03:03 [INFO] Processed tag: zoos & aquariums (Similarity: 0.8360)
2025-04-06 01:03:04 [INFO] Processed tag: bars & restaurants (Similarity: 0.7810)
2025-04-06 01:03:04 [INFO] Processed tag: business expos & conferences (Similarity: 0.9070)
2025-04-06 01:03:04 [INFO] Processed tag: casinos & gambling (Similarity: 0.8272)
2025-04-06 01:03:05 [INFO] Processed tag: cinemas and events (Similarity: 0.8706)
2025-04-06 01:03:05 [INFO] Processed tag: comedy events (Similarity: 0.8606)
2025-04-06 01:03:05 [INFO] Processed tag: concerts & music events (Similarity: 0.8784)
2025-04-06 01:03:05 [INFO] Processed tag: fan conventions (Similarity: 0.8272)
2025-04-06 01:03:06 [INFO] Processed tag: family and relationships (Similarity: 0.8470)
2025-04-06 01:03:06 [INFO] Processed tag: bereavement (Similarity: 0.7816)
2025-04-06 01:03:06 [INFO] Processed tag: dating (Similarity: 0.8075)
2025-04-06 01:03:06 [INFO] Processed tag: divorce (Similarity: 0.7511)
2025-04-06 01:03:06 [INFO] Processed tag: eldercare (Similarity: 0.8110)
2025-04-06 01:03:07 [INFO] Processed tag: marriage and civil unions (Similarity: 0.8104)
2025-04-06 01:03:07 [INFO] Processed tag: fine art (Similarity: 0.8016)
2025-04-06 01:03:07 [INFO] Processed tag: costume (Similarity: 0.7185)
2025-04-06 01:03:07 [INFO] Processed tag: dance (Similarity: 0.7341)
2025-04-06 01:03:07 [INFO] Processed tag: digital arts (Similarity: 0.8660)
2025-04-06 01:03:08 [INFO] Processed tag: fine art photography (Similarity: 0.8710)
2025-04-06 01:03:08 [INFO] Processed tag: modern art (Similarity: 0.8122)
2025-04-06 01:03:08 [INFO] Processed tag: opera (Similarity: 0.7768)
2025-04-06 01:03:08 [INFO] Processed tag: theater (Similarity: 0.7664)
2025-04-06 01:03:09 [INFO] Processed tag: food & drink (Similarity: 0.7945)
2025-04-06 01:03:09 [INFO] Processed tag: alcoholic beverages (Similarity: 0.8417)
2025-04-06 01:03:09 [INFO] Processed tag: vegan diets (Similarity: 0.8210)
2025-04-06 01:03:09 [INFO] Processed tag: vegetarian diets (Similarity: 0.8323)
2025-04-06 01:03:09 [INFO] Processed tag: world cuisines (Similarity: 0.8989)
2025-04-06 01:03:09 [INFO] Processed tag: barbecues and grilling (Similarity: 0.8521)
2025-04-06 01:03:09 [INFO] Processed tag: desserts and baking (Similarity: 0.8709)
2025-04-06 01:03:10 [INFO] Processed tag: dining out (Similarity: 0.7788)
2025-04-06 01:03:11 [INFO] Processed tag: food allergies (Similarity: 0.8066)
2025-04-06 01:03:11 [INFO] Processed tag: food movements (Similarity: 0.7865)
2025-04-06 01:03:11 [INFO] Processed tag: healthy cooking and eating (Similarity: 0.8400)
2025-04-06 01:03:11 [INFO] Processed tag: non-alcoholic beverages (Similarity: 0.8773)
2025-04-06 01:03:11 [INFO] Processed tag: healthy living (Similarity: 0.7935)
2025-04-06 01:03:12 [INFO] Processed tag: children's health (Similarity: 0.8400)
2025-04-06 01:03:12 [INFO] Processed tag: participant sports (Similarity: 0.8394)
2025-04-06 01:03:12 [INFO] Processed tag: running and jogging (Similarity: 0.8156)
2025-04-06 01:03:12 [INFO] Processed tag: men's health (Similarity: 0.8583)
2025-04-06 01:03:13 [INFO] Processed tag: senior health (Similarity: 0.8376)
2025-04-06 01:03:13 [INFO] Processed tag: weight loss (Similarity: 0.7502)
2025-04-06 01:03:15 [INFO] Processed tag: alternative medicine (Similarity: 0.8537)
2025-04-06 01:03:15 [INFO] Processed tag: physical therapy (Similarity: 0.8150)
2025-04-06 01:03:15 [INFO] Processed tag: smoking cessation (Similarity: 0.7931)
2025-04-06 01:03:16 [INFO] Processed tag: women's health (Similarity: 0.8316)
2025-04-06 01:03:16 [INFO] Processed tag: hobbies & interests (Similarity: 0.8652)
2025-04-06 01:03:17 [INFO] Processed tag: antiquing and antiques (Similarity: 0.8837)
2025-04-06 01:03:17 [INFO] Processed tag: magic and illusion (Similarity: 0.7992)
2025-04-06 01:03:17 [INFO] Processed tag: model toys (Similarity: 0.8468)
2025-04-06 01:03:18 [INFO] Processed tag: musical instruments (Similarity: 0.8242)
2025-04-06 01:03:18 [INFO] Processed tag: paranormal phenomena (Similarity: 0.8254)
2025-04-06 01:03:18 [INFO] Processed tag: radio control (Similarity: 0.7905)
2025-04-06 01:03:19 [INFO] Processed tag: sci-fi and fantasy (Similarity: 0.8602)
2025-04-06 01:03:19 [INFO] Processed tag: workshops and classes (Similarity: 0.8700)
2025-04-06 01:03:19 [INFO] Processed tag: arts and crafts (Similarity: 0.8623)
2025-04-06 01:03:19 [INFO] Processed tag: beadwork (Similarity: 0.8347)
2025-04-06 01:03:19 [INFO] Processed tag: candle and soap making (Similarity: 0.8709)
2025-04-06 01:03:20 [INFO] Processed tag: drawing and sketching (Similarity: 0.8415)
2025-04-06 01:03:20 [INFO] Processed tag: needlework (Similarity: 0.7984)
2025-04-06 01:03:20 [INFO] Processed tag: painting (Similarity: 0.7505)
2025-04-06 01:03:20 [INFO] Processed tag: woodworking (Similarity: 0.8173)
2025-04-06 01:03:20 [INFO] Processed tag: beekeeping (Similarity: 0.8180)
2025-04-06 01:03:20 [INFO] Processed tag: birdwatching (Similarity: 0.8013)
2025-04-06 01:03:21 [INFO] Processed tag: cigars (Similarity: 0.7605)
2025-04-06 01:03:21 [INFO] Processed tag: comic books (Similarity: 0.8071)
2025-04-06 01:03:21 [INFO] Processed tag: stamps and coins (Similarity: 0.8530)
2025-04-06 01:03:22 [INFO] Processed tag: audio production (Similarity: 0.8556)
2025-04-06 01:03:22 [INFO] Processed tag: freelance writing (Similarity: 0.8547)
2025-04-06 01:03:22 [INFO] Processed tag: screenwriting (Similarity: 0.8308)
2025-04-06 01:03:23 [INFO] Processed tag: video production (Similarity: 0.8522)
2025-04-06 01:03:23 [INFO] Processed tag: board games and puzzles (Similarity: 0.8388)
2025-04-06 01:03:23 [INFO] Processed tag: card games (Similarity: 0.8294)
2025-04-06 01:03:23 [INFO] Processed tag: roleplaying games (Similarity: 0.8525)
2025-04-06 01:03:23 [INFO] Processed tag: genealogy and ancestry (Similarity: 0.8678)
2025-04-06 01:03:23 [INFO] Processed tag: gardening (Similarity: 0.7778)
2025-04-06 01:03:24 [INFO] Processed tag: remodeling & construction (Similarity: 0.8221)
2025-04-06 01:03:24 [INFO] Processed tag: smart home (Similarity: 0.8007)
2025-04-06 01:03:24 [INFO] Processed tag: home appliances (Similarity: 0.7997)
2025-04-06 01:03:24 [INFO] Processed tag: home entertaining (Similarity: 0.8149)
2025-04-06 01:03:24 [INFO] Processed tag: home security (Similarity: 0.7868)
2025-04-06 01:03:25 [INFO] Processed tag: indoor environmental quality (Similarity: 0.8555)
2025-04-06 01:03:25 [INFO] Processed tag: interior decorating (Similarity: 0.8355)
2025-04-06 01:03:25 [INFO] Processed tag: landscaping (Similarity: 0.8198)
2025-04-06 01:03:25 [INFO] Processed tag: outdoor decorating (Similarity: 0.8356)
2025-04-06 01:03:26 [INFO] Processed tag: medical health (Similarity: 0.8333)
2025-04-06 01:03:26 [INFO] Processed tag: allergies (Similarity: 0.7757)
2025-04-06 01:03:26 [INFO] Processed tag: ear, nose and throat conditions (Similarity: 0.8693)
2025-04-06 01:03:26 [INFO] Processed tag: endocrine and metabolic diseases (Similarity: 0.8706)
2025-04-06 01:03:26 [INFO] Processed tag: eye and vision conditions (Similarity: 0.8469)
2025-04-06 01:03:27 [INFO] Processed tag: foot health (Similarity: 0.8131)
2025-04-06 01:03:27 [INFO] Processed tag: heart and cardiovascular diseases (Similarity: 0.8735)
2025-04-06 01:03:27 [INFO] Processed tag: infectious diseases (Similarity: 0.8184)
2025-04-06 01:03:27 [INFO] Processed tag: injuries (Similarity: 0.7120)
2025-04-06 01:03:27 [INFO] Processed tag: lung and respiratory health (Similarity: 0.8438)
2025-04-06 01:03:27 [INFO] Processed tag: reproductive health (Similarity: 0.8512)
2025-04-06 01:03:27 [INFO] Processed tag: blood disorders (Similarity: 0.8499)
2025-04-06 01:03:27 [INFO] Processed tag: sexual health (Similarity: 0.8312)
2025-04-06 01:03:27 [INFO] Processed tag: skin and dermatology (Similarity: 0.8643)
2025-04-06 01:03:28 [INFO] Processed tag: sleep disorders (Similarity: 0.8178)
2025-04-06 01:03:28 [INFO] Processed tag: substance abuse (Similarity: 0.7637)
2025-04-06 01:03:28 [INFO] Processed tag: bone and joint conditions (Similarity: 0.8590)
2025-04-06 01:03:28 [INFO] Processed tag: brain and nervous system disorders (Similarity: 0.8563)
2025-04-06 01:03:28 [INFO] Processed tag: cancer (Similarity: 0.7643)
2025-04-06 01:03:28 [INFO] Processed tag: cold and flu (Similarity: 0.7934)
2025-04-06 01:03:28 [INFO] Processed tag: dental health (Similarity: 0.8423)
2025-04-06 01:03:28 [INFO] Processed tag: diabetes (Similarity: 0.7545)
2025-04-06 01:03:29 [INFO] Processed tag: digestive disorders (Similarity: 0.8392)
2025-04-06 01:03:31 [INFO] Processed tag: medical tests (Similarity: 0.8437)
2025-04-06 01:03:31 [INFO] Processed tag: pharmaceutical drugs (Similarity: 0.8508)
2025-04-06 01:03:32 [INFO] Processed tag: surgery (Similarity: 0.7566)
2025-04-06 01:03:32 [INFO] Processed tag: vaccines (Similarity: 0.7707)
2025-04-06 01:03:32 [INFO] Processed tag: cosmetic medical services (Similarity: 0.8973)
2025-04-06 01:03:32 [INFO] Processed tag: action and adventure movies (Similarity: 0.8536)
2025-04-06 01:03:33 [INFO] Processed tag: romance movies (Similarity: 0.8621)
2025-04-06 01:03:33 [INFO] Processed tag: science fiction movies (Similarity: 0.8524)
2025-04-06 01:03:33 [INFO] Processed tag: indie and arthouse movies (Similarity: 0.8812)
2025-04-06 01:03:33 [INFO] Processed tag: animation movies (Similarity: 0.8569)
2025-04-06 01:03:33 [INFO] Processed tag: comedy movies (Similarity: 0.8200)
2025-04-06 01:03:34 [INFO] Processed tag: crime and mystery movies (Similarity: 0.8624)
2025-04-06 01:03:34 [INFO] Processed tag: documentary movies (Similarity: 0.8591)
2025-04-06 01:03:34 [INFO] Processed tag: drama movies (Similarity: 0.8157)
2025-04-06 01:03:34 [INFO] Processed tag: family and children movies (Similarity: 0.8569)
2025-04-06 01:03:34 [INFO] Processed tag: fantasy movies (Similarity: 0.8569)
2025-04-06 01:03:35 [INFO] Processed tag: horror movies (Similarity: 0.8062)
2025-04-06 01:03:35 [INFO] Processed tag: world movies (Similarity: 0.8140)
2025-04-06 01:03:37 [INFO] Processed tag: soft ac music (Similarity: 0.8516)
2025-04-06 01:03:37 [INFO] Processed tag: urban ac music (Similarity: 0.8824)
2025-04-06 01:03:37 [INFO] Processed tag: adult album alternative (Similarity: 0.8369)
2025-04-06 01:03:38 [INFO] Processed tag: alternative music (Similarity: 0.8794)
2025-04-06 01:03:38 [INFO] Processed tag: children's music (Similarity: 0.8299)
2025-04-06 01:03:38 [INFO] Processed tag: classic hits (Similarity: 0.7951)
2025-04-06 01:03:38 [INFO] Processed tag: classical music (Similarity: 0.8367)
2025-04-06 01:03:38 [INFO] Processed tag: college radio (Similarity: 0.8297)
2025-04-06 01:03:38 [INFO] Processed tag: comedy (music and audio) (Similarity: 0.8627)
2025-04-06 01:03:39 [INFO] Processed tag: contemporary hits/pop/top 40 (Similarity: 0.8982)
2025-04-06 01:03:40 [INFO] Processed tag: country music (Similarity: 0.8519)
2025-04-06 01:03:40 [INFO] Processed tag: dance and electronic music (Similarity: 0.8612)
2025-04-06 01:03:41 [INFO] Processed tag: world/international music (Similarity: 0.9031)
2025-04-06 01:03:41 [INFO] Processed tag: songwriters/folk (Similarity: 0.8246)
2025-04-06 01:03:41 [INFO] Processed tag: gospel music (Similarity: 0.8475)
2025-04-06 01:03:42 [INFO] Processed tag: hip hop music (Similarity: 0.8449)
2025-04-06 01:03:42 [INFO] Processed tag: inspirational/new age music (Similarity: 0.8726)
2025-04-06 01:03:42 [INFO] Processed tag: jazz (Similarity: 0.7945)
2025-04-06 01:03:43 [INFO] Processed tag: oldies/adult standards (Similarity: 0.8647)
2025-04-06 01:03:43 [INFO] Processed tag: reggae (Similarity: 0.7881)
2025-04-06 01:03:43 [INFO] Processed tag: blues (Similarity: 0.7521)
2025-04-06 01:03:43 [INFO] Processed tag: religious (music and audio) (Similarity: 0.8864)
2025-04-06 01:03:43 [INFO] Processed tag: r&b/soul/funk (Similarity: 0.8728)
2025-04-06 01:03:43 [INFO] Processed tag: rock music (Similarity: 0.8278)
2025-04-06 01:03:44 [INFO] Processed tag: soundtracks, tv and showtunes (Similarity: 0.8878)
2025-04-06 01:03:44 [INFO] Processed tag: sports radio (Similarity: 0.8330)
2025-04-06 01:03:44 [INFO] Processed tag: talk radio (Similarity: 0.8150)
2025-04-06 01:03:44 [INFO] Processed tag: urban contemporary music (Similarity: 0.9007)
2025-04-06 01:03:44 [INFO] Processed tag: variety (music and audio) (Similarity: 0.9110)
2025-04-06 01:03:44 [INFO] Processed tag: news and politics (Similarity: 0.8532)
2025-04-06 01:03:44 [INFO] Processed tag: crime (Similarity: 0.7561)
2025-04-06 01:03:45 [INFO] Processed tag: disasters (Similarity: 0.8240)
2025-04-06 01:03:45 [INFO] Processed tag: international news (Similarity: 0.8325)
2025-04-06 01:03:45 [INFO] Processed tag: law (Similarity: 0.7045)
2025-04-06 01:03:45 [INFO] Processed tag: local news (Similarity: 0.8056)
2025-04-06 01:03:45 [INFO] Processed tag: national news (Similarity: 0.8121)
2025-04-06 01:03:45 [INFO] Processed tag: weather (Similarity: 0.7367)
2025-04-06 01:03:45 [INFO] Processed tag: personal finance (Similarity: 0.7895)
2025-04-06 01:03:46 [INFO] Processed tag: consumer banking (Similarity: 0.8623)
2025-04-06 01:03:46 [INFO] Processed tag: financial assistance (Similarity: 0.8131)
2025-04-06 01:03:46 [INFO] Processed tag: financial planning (Similarity: 0.7789)
2025-04-06 01:03:47 [INFO] Processed tag: frugal living (Similarity: 0.8334)
2025-04-06 01:03:47 [INFO] Processed tag: personal debt (Similarity: 0.7919)
2025-04-06 01:03:47 [INFO] Processed tag: personal investing (Similarity: 0.8459)
2025-04-06 01:03:48 [INFO] Processed tag: personal taxes (Similarity: 0.7836)
2025-04-06 01:03:48 [INFO] Processed tag: retirement planning (Similarity: 0.8442)
2025-04-06 01:03:48 [INFO] Processed tag: home utilities (Similarity: 0.8041)
2025-04-06 01:03:48 [INFO] Processed tag: birds (Similarity: 0.7650)
2025-04-06 01:03:49 [INFO] Processed tag: cats (Similarity: 0.7629)
2025-04-06 01:03:49 [INFO] Processed tag: dogs (Similarity: 0.7532)
2025-04-06 01:03:49 [INFO] Processed tag: fish and aquariums (Similarity: 0.8432)
2025-04-06 01:03:49 [INFO] Processed tag: large animals (Similarity: 0.8388)
2025-04-06 01:03:50 [INFO] Processed tag: pet adoptions (Similarity: 0.8308)
2025-04-06 01:03:50 [INFO] Processed tag: reptiles (Similarity: 0.7880)
2025-04-06 01:03:50 [INFO] Processed tag: veterinary medicine (Similarity: 0.8810)
2025-04-06 01:03:51 [INFO] Processed tag: pet supplies (Similarity: 0.8409)
2025-04-06 01:03:51 [INFO] Processed tag: pop culture (Similarity: 0.8313)
2025-04-06 01:03:51 [INFO] Processed tag: humor and satire (Similarity: 0.8345)
2025-04-06 01:03:52 [INFO] Processed tag: apartments (Similarity: 0.7424)
2025-04-06 01:03:52 [INFO] Processed tag: retail property (Similarity: 0.8489)
2025-04-06 01:03:53 [INFO] Processed tag: vacation properties (Similarity: 0.8553)
2025-04-06 01:03:53 [INFO] Processed tag: developmental sites (Similarity: 0.8290)
2025-04-06 01:03:54 [INFO] Processed tag: hotel properties (Similarity: 0.8252)
2025-04-06 01:03:54 [INFO] Processed tag: houses (Similarity: 0.7625)
2025-04-06 01:03:54 [INFO] Processed tag: industrial property (Similarity: 0.8204)
2025-04-06 01:03:54 [INFO] Processed tag: land and farms (Similarity: 0.8191)
2025-04-06 01:03:55 [INFO] Processed tag: office property (Similarity: 0.8313)
2025-04-06 01:03:55 [INFO] Processed tag: real estate buying and selling (Similarity: 0.8561)
2025-04-06 01:03:56 [INFO] Processed tag: real estate renting and leasing (Similarity: 0.8452)
2025-04-06 01:03:56 [INFO] Processed tag: religion & spirituality (Similarity: 0.8586)
2025-04-06 01:03:56 [INFO] Processed tag: agnosticism (Similarity: 0.8148)
2025-04-06 01:03:57 [INFO] Processed tag: spirituality (Similarity: 0.7766)
2025-04-06 01:03:57 [INFO] Processed tag: astrology (Similarity: 0.7998)
2025-04-06 01:03:57 [INFO] Processed tag: atheism (Similarity: 0.7616)
2025-04-06 01:03:57 [INFO] Processed tag: buddhism (Similarity: 0.8049)
2025-04-06 01:03:58 [INFO] Processed tag: christianity (Similarity: 0.8017)
2025-04-06 01:03:59 [INFO] Processed tag: hinduism (Similarity: 0.8098)
2025-04-06 01:03:59 [INFO] Processed tag: islam (Similarity: 0.7734)
2025-04-06 01:03:59 [INFO] Processed tag: judaism (Similarity: 0.7903)
2025-04-06 01:03:59 [INFO] Processed tag: sikhism (Similarity: 0.8580)
2025-04-06 01:04:00 [INFO] Processed tag: biological sciences (Similarity: 0.8745)
2025-04-06 01:04:00 [INFO] Processed tag: chemistry (Similarity: 0.7828)
2025-04-06 01:04:00 [INFO] Processed tag: genetics (Similarity: 0.8270)
2025-04-06 01:04:01 [INFO] Processed tag: geography (Similarity: 0.8357)
2025-04-06 01:04:01 [INFO] Processed tag: geology (Similarity: 0.8099)
2025-04-06 01:04:01 [INFO] Processed tag: physics (Similarity: 0.7807)
2025-04-06 01:04:01 [INFO] Processed tag: space and astronomy (Similarity: 0.8586)
2025-04-06 01:04:02 [INFO] Processed tag: coupons and discounts (Similarity: 0.8408)
2025-04-06 01:04:02 [INFO] Processed tag: flower shopping (Similarity: 0.8571)
2025-04-06 01:04:03 [INFO] Processed tag: gifts and greetings cards (Similarity: 0.8501)
2025-04-06 01:04:03 [INFO] Processed tag: grocery shopping (Similarity: 0.8552)
2025-04-06 01:04:03 [INFO] Processed tag: holiday shopping (Similarity: 0.8331)
2025-04-06 01:04:04 [INFO] Processed tag: household supplies (Similarity: 0.8378)
2025-04-06 01:04:04 [INFO] Processed tag: lotteries and scratchcards (Similarity: 0.8812)
2025-04-06 01:04:04 [INFO] Processed tag: sales and promotions (Similarity: 0.8448)
2025-04-06 01:04:05 [INFO] Processed tag: children's games and toys (Similarity: 0.8415)
2025-04-06 01:04:06 [INFO] Processed tag: american football (Similarity: 0.8324)
2025-04-06 01:04:06 [INFO] Processed tag: boxing (Similarity: 0.7851)
2025-04-06 01:04:06 [INFO] Processed tag: cheerleading (Similarity: 0.7938)
2025-04-06 01:04:06 [INFO] Processed tag: college sports (Similarity: 0.8337)
2025-04-06 01:04:06 [INFO] Processed tag: cricket (Similarity: 0.7926)
2025-04-06 01:04:06 [INFO] Processed tag: cycling (Similarity: 0.7599)
2025-04-06 01:04:07 [INFO] Processed tag: darts (Similarity: 0.7868)
2025-04-06 01:04:07 [INFO] Processed tag: disabled sports (Similarity: 0.8523)
2025-04-06 01:04:08 [INFO] Processed tag: diving (Similarity: 0.7714)
2025-04-06 01:04:08 [INFO] Processed tag: equine sports (Similarity: 0.8804)
2025-04-06 01:04:09 [INFO] Processed tag: extreme sports (Similarity: 0.8565)
2025-04-06 01:04:09 [INFO] Processed tag: australian rules football (Similarity: 0.8545)
2025-04-06 01:04:10 [INFO] Processed tag: fantasy sports (Similarity: 0.8295)
2025-04-06 01:04:10 [INFO] Processed tag: field hockey (Similarity: 0.8410)
2025-04-06 01:04:10 [INFO] Processed tag: figure skating (Similarity: 0.7860)
2025-04-06 01:04:10 [INFO] Processed tag: fishing sports (Similarity: 0.8393)
2025-04-06 01:04:10 [INFO] Processed tag: golf (Similarity: 0.7791)
2025-04-06 01:04:11 [INFO] Processed tag: gymnastics (Similarity: 0.7813)
2025-04-06 01:04:11 [INFO] Processed tag: hunting and shooting (Similarity: 0.8272)
2025-04-06 01:04:11 [INFO] Processed tag: ice hockey (Similarity: 0.7933)
2025-04-06 01:04:11 [INFO] Processed tag: inline skating (Similarity: 0.7889)
2025-04-06 01:04:12 [INFO] Processed tag: lacrosse (Similarity: 0.7831)
2025-04-06 01:04:13 [INFO] Processed tag: auto racing (Similarity: 0.7816)
2025-04-06 01:04:13 [INFO] Processed tag: martial arts (Similarity: 0.8539)
2025-04-06 01:04:14 [INFO] Processed tag: olympic sports (Similarity: 0.8252)
2025-04-06 01:04:14 [INFO] Processed tag: poker and professional gambling (Similarity: 0.8792)
2025-04-06 01:04:14 [INFO] Processed tag: rodeo (Similarity: 0.7821)
2025-04-06 01:04:14 [INFO] Processed tag: rowing (Similarity: 0.7533)
2025-04-06 01:04:14 [INFO] Processed tag: rugby (Similarity: 0.7731)
2025-04-06 01:04:14 [INFO] Processed tag: sailing (Similarity: 0.7704)
2025-04-06 01:04:15 [INFO] Processed tag: skiing (Similarity: 0.7488)
2025-04-06 01:04:15 [INFO] Processed tag: snooker/pool/billiards (Similarity: 0.8692)
2025-04-06 01:04:15 [INFO] Processed tag: soccer (Similarity: 0.7663)
2025-04-06 01:04:15 [INFO] Processed tag: badminton (Similarity: 0.8110)
2025-04-06 01:04:16 [INFO] Processed tag: softball (Similarity: 0.7733)
2025-04-06 01:04:16 [INFO] Processed tag: squash (Similarity: 0.7951)
2025-04-06 01:04:16 [INFO] Processed tag: swimming (Similarity: 0.7415)
2025-04-06 01:04:16 [INFO] Processed tag: table tennis (Similarity: 0.7828)
2025-04-06 01:04:16 [INFO] Processed tag: tennis (Similarity: 0.7761)
2025-04-06 01:04:16 [INFO] Processed tag: track and field (Similarity: 0.8316)
2025-04-06 01:04:17 [INFO] Processed tag: volleyball (Similarity: 0.7605)
2025-04-06 01:04:17 [INFO] Processed tag: walking (Similarity: 0.7350)
2025-04-06 01:04:17 [INFO] Processed tag: water polo (Similarity: 0.8155)
2025-04-06 01:04:17 [INFO] Processed tag: weightlifting (Similarity: 0.7692)
2025-04-06 01:04:17 [INFO] Processed tag: baseball (Similarity: 0.7778)
2025-04-06 01:04:17 [INFO] Processed tag: wrestling (Similarity: 0.7514)
2025-04-06 01:04:17 [INFO] Processed tag: basketball (Similarity: 0.7759)
2025-04-06 01:04:18 [INFO] Processed tag: beach volleyball (Similarity: 0.8280)
2025-04-06 01:04:18 [INFO] Processed tag: bodybuilding (Similarity: 0.8218)
2025-04-06 01:04:18 [INFO] Processed tag: bowling (Similarity: 0.7873)
2025-04-06 01:04:19 [INFO] Processed tag: sports equipment (Similarity: 0.8278)
2025-04-06 01:04:19 [INFO] Processed tag: style & fashion (Similarity: 0.8078)
2025-04-06 01:04:20 [INFO] Processed tag: beauty (Similarity: 0.6876)
2025-04-06 01:04:20 [INFO] Processed tag: women's accessories (Similarity: 0.8757)
2025-04-06 01:04:20 [INFO] Processed tag: women's clothing (Similarity: 0.8292)
2025-04-06 01:04:21 [INFO] Processed tag: women's shoes and footwear (Similarity: 0.8698)
2025-04-06 01:04:21 [INFO] Processed tag: body art (Similarity: 0.7990)
2025-04-06 01:04:21 [INFO] Processed tag: children's clothing (Similarity: 0.8489)
2025-04-06 01:04:21 [INFO] Processed tag: designer clothing (Similarity: 0.8380)
2025-04-06 01:04:21 [INFO] Processed tag: fashion trends (Similarity: 0.8433)
2025-04-06 01:04:22 [INFO] Processed tag: high fashion (Similarity: 0.8127)
2025-04-06 01:04:22 [INFO] Processed tag: men's accessories (Similarity: 0.8865)
2025-04-06 01:04:22 [INFO] Processed tag: men's clothing (Similarity: 0.8135)
2025-04-06 01:04:22 [INFO] Processed tag: men's shoes and footwear (Similarity: 0.8728)
2025-04-06 01:04:23 [INFO] Processed tag: bath and shower (Similarity: 0.7740)
2025-04-06 01:04:23 [INFO] Processed tag: deodorant and antiperspirant (Similarity: 0.8473)
2025-04-06 01:04:23 [INFO] Processed tag: oral care (Similarity: 0.8083)
2025-04-06 01:04:23 [INFO] Processed tag: shaving (Similarity: 0.7605)
2025-04-06 01:04:23 [INFO] Processed tag: street style (Similarity: 0.8329)
2025-04-06 01:04:23 [INFO] Processed tag: technology & computing (Similarity: 0.8266)
2025-04-06 01:04:23 [INFO] Processed tag: artificial intelligence (Similarity: 0.8324)
2025-04-06 01:04:24 [INFO] Processed tag: augmented reality (Similarity: 0.8163)
2025-04-06 01:04:24 [INFO] Processed tag: computer networking (Similarity: 0.7903)
2025-04-06 01:04:24 [INFO] Processed tag: computer peripherals (Similarity: 0.8386)
2025-04-06 01:04:24 [INFO] Processed tag: 3-d graphics (Similarity: 0.8491)
2025-04-06 01:04:25 [INFO] Processed tag: photo editing software (Similarity: 0.8823)
2025-04-06 01:04:25 [INFO] Processed tag: shareware and freeware (Similarity: 0.8662)
2025-04-06 01:04:25 [INFO] Processed tag: video software (Similarity: 0.8717)
2025-04-06 01:04:25 [INFO] Processed tag: web conferencing (Similarity: 0.8423)
2025-04-06 01:04:26 [INFO] Processed tag: antivirus software (Similarity: 0.8578)
2025-04-06 01:04:26 [INFO] Processed tag: browsers (Similarity: 0.8075)
2025-04-06 01:04:27 [INFO] Processed tag: computer animation (Similarity: 0.8308)
2025-04-06 01:04:27 [INFO] Processed tag: databases (Similarity: 0.7732)
2025-04-06 01:04:27 [INFO] Processed tag: desktop publishing (Similarity: 0.8484)
2025-04-06 01:04:28 [INFO] Processed tag: digital audio (Similarity: 0.8373)
2025-04-06 01:04:28 [INFO] Processed tag: graphics software (Similarity: 0.8638)
2025-04-06 01:04:28 [INFO] Processed tag: operating systems (Similarity: 0.8075)
2025-04-06 01:04:28 [INFO] Processed tag: data storage and warehousing (Similarity: 0.8511)
2025-04-06 01:04:29 [INFO] Processed tag: desktops (Similarity: 0.7945)
2025-04-06 01:04:29 [INFO] Processed tag: information and network security (Similarity: 0.8369)
2025-04-06 01:04:29 [INFO] Processed tag: internet (Similarity: 0.7677)
2025-04-06 01:04:29 [INFO] Processed tag: cloud computing (Similarity: 0.8136)
2025-04-06 01:04:29 [INFO] Processed tag: web development (Similarity: 0.8128)
2025-04-06 01:04:29 [INFO] Processed tag: web hosting (Similarity: 0.8323)
2025-04-06 01:04:30 [INFO] Processed tag: email (Similarity: 0.7358)
2025-04-06 01:04:30 [INFO] Processed tag: internet of things (Similarity: 0.8011)
2025-04-06 01:04:30 [INFO] Processed tag: web design and html (Similarity: 0.8687)
2025-04-06 01:04:31 [INFO] Processed tag: laptops (Similarity: 0.7753)
2025-04-06 01:04:31 [INFO] Processed tag: programming languages (Similarity: 0.8212)
2025-04-06 01:04:31 [INFO] Processed tag: cameras and camcorders (Similarity: 0.8136)
2025-04-06 01:04:31 [INFO] Processed tag: home entertainment systems (Similarity: 0.8349)
2025-04-06 01:04:31 [INFO] Processed tag: smartphones (Similarity: 0.7774)
2025-04-06 01:04:32 [INFO] Processed tag: tablets and e-readers (Similarity: 0.8709)
2025-04-06 01:04:32 [INFO] Processed tag: wearable technology (Similarity: 0.8671)
2025-04-06 01:04:32 [INFO] Processed tag: robotics (Similarity: 0.7893)
2025-04-06 01:04:32 [INFO] Processed tag: virtual reality (Similarity: 0.7816)
2025-04-06 01:04:32 [INFO] Processed tag: television (Similarity: 0.7815)
2025-04-06 01:04:33 [INFO] Processed tag: animation tv (Similarity: 0.8333)
2025-04-06 01:04:33 [INFO] Processed tag: soap opera tv (Similarity: 0.8150)
2025-04-06 01:04:33 [INFO] Processed tag: special interest tv (Similarity: 0.8780)
2025-04-06 01:04:34 [INFO] Processed tag: sports tv (Similarity: 0.8330)
2025-04-06 01:04:35 [INFO] Processed tag: children's tv (Similarity: 0.8153)
2025-04-06 01:04:35 [INFO] Processed tag: comedy tv (Similarity: 0.8388)
2025-04-06 01:04:35 [INFO] Processed tag: drama tv (Similarity: 0.8204)
2025-04-06 01:04:36 [INFO] Processed tag: factual tv (Similarity: 0.8545)
2025-04-06 01:04:36 [INFO] Processed tag: holiday tv (Similarity: 0.8143)
2025-04-06 01:04:36 [INFO] Processed tag: music tv (Similarity: 0.8608)
2025-04-06 01:04:36 [INFO] Processed tag: reality tv (Similarity: 0.8354)
2025-04-06 01:04:36 [INFO] Processed tag: science fiction tv (Similarity: 0.8560)
2025-04-06 01:04:37 [INFO] Processed tag: africa travel (Similarity: 0.8430)
2025-04-06 01:04:37 [INFO] Processed tag: asia travel (Similarity: 0.8789)
2025-04-06 01:04:37 [INFO] Processed tag: australia and oceania travel (Similarity: 0.8893)
2025-04-06 01:04:37 [INFO] Processed tag: europe travel (Similarity: 0.8372)
2025-04-06 01:04:37 [INFO] Processed tag: north america travel (Similarity: 0.8678)
2025-04-06 01:04:38 [INFO] Processed tag: polar travel (Similarity: 0.8342)
2025-04-06 01:04:38 [INFO] Processed tag: south america travel (Similarity: 0.8807)
2025-04-06 01:04:38 [INFO] Processed tag: travel preparation and advice (Similarity: 0.8480)
2025-04-06 01:04:38 [INFO] Processed tag: adventure travel (Similarity: 0.8360)
2025-04-06 01:04:38 [INFO] Processed tag: family travel (Similarity: 0.8314)
2025-04-06 01:04:40 [INFO] Processed tag: honeymoons and getaways (Similarity: 0.8413)
2025-04-06 01:04:41 [INFO] Processed tag: hotels and motels (Similarity: 0.8032)
2025-04-06 01:04:41 [INFO] Processed tag: rail travel (Similarity: 0.8206)
2025-04-06 01:04:41 [INFO] Processed tag: road trips (Similarity: 0.7988)
2025-04-06 01:04:41 [INFO] Processed tag: spas (Similarity: 0.7292)
2025-04-06 01:04:41 [INFO] Processed tag: air travel (Similarity: 0.7864)
2025-04-06 01:04:41 [INFO] Processed tag: beach travel (Similarity: 0.8092)
2025-04-06 01:04:41 [INFO] Processed tag: bed & breakfasts (Similarity: 0.7668)
2025-04-06 01:04:42 [INFO] Processed tag: budget travel (Similarity: 0.8288)
2025-04-06 01:04:42 [INFO] Processed tag: business travel (Similarity: 0.8609)
2025-04-06 01:04:43 [INFO] Processed tag: camping (Similarity: 0.7445)
2025-04-06 01:04:43 [INFO] Processed tag: cruises (Similarity: 0.7950)
2025-04-06 01:04:43 [INFO] Processed tag: day trips (Similarity: 0.8103)
2025-04-06 01:04:43 [INFO] Processed tag: video gaming (Similarity: 0.8008)
2025-04-06 01:04:43 [INFO] Processed tag: console games (Similarity: 0.8259)
2025-04-06 01:04:44 [INFO] Processed tag: mobile games (Similarity: 0.8708)
2025-04-06 01:04:44 [INFO] Processed tag: pc games (Similarity: 0.8035)
2025-04-06 01:04:44 [INFO] Processed tag: action video games (Similarity: 0.8270)
2025-04-06 01:04:44 [INFO] Processed tag: role-playing video games (Similarity: 0.8501)
2025-04-06 01:04:45 [INFO] Processed tag: simulation video games (Similarity: 0.8791)
2025-04-06 01:04:45 [INFO] Processed tag: sports video games (Similarity: 0.8595)
2025-04-06 01:04:45 [INFO] Processed tag: strategy video games (Similarity: 0.8899)
2025-04-06 01:04:45 [INFO] Processed tag: action-adventure video games (Similarity: 0.8715)
2025-04-06 01:04:45 [INFO] Processed tag: adventure video games (Similarity: 0.8440)
2025-04-06 01:04:45 [INFO] Processed tag: casual games (Similarity: 0.8183)
2025-04-06 01:04:45 [INFO] Processed tag: educational video games (Similarity: 0.8796)
2025-04-06 01:04:46 [INFO] Processed tag: exercise and fitness video games (Similarity: 0.9176)
2025-04-06 01:04:46 [INFO] Processed tag: mmos (Similarity: 0.7963)
2025-04-06 01:04:46 [INFO] Processed tag: music and party video games (Similarity: 0.8854)
2025-04-06 01:04:46 [INFO] Processed tag: puzzle video games (Similarity: 0.8493)
2025-04-06 01:04:46 [INFO] Processed tag: sensitive topics (Similarity: 0.8875)
2025-04-06 01:04:46 [INFO] Saved enriched data to tags_enriched.json
2025-04-06 01:04:46 [INFO] Report saved to enrichment_report.txt
2025-04-06 01:04:46 [INFO] Enrichment process completed in 188.82 seconds.
2025-04-06 01:04:49 [INFO] Embedding cache saved successfully.
2025-04-06 01:04:49 [INFO] Embedding cache saved.
